2015-12-21 07:54:37 [::1][-][-][error][yii\base\InvalidParamException] exception 'yii\base\InvalidParamException' with message 'The file or directory to be published does not exist: D:\xampp\htdocs\Demo\yii\yiiadvanced\_protected/vendor\bower/jquery/dist' in D:\xampp\htdocs\Demo\yii\yiiadvanced\_protected\vendor\yiisoft\yii2\web\AssetManager.php:452
Stack trace:
#0 D:\xampp\htdocs\Demo\yii\yiiadvanced\_protected\vendor\yiisoft\yii2\web\AssetBundle.php(163): yii\web\AssetManager->publish('D:\\xampp\\htdocs...', Array)
#1 D:\xampp\htdocs\Demo\yii\yiiadvanced\_protected\vendor\yiisoft\yii2\web\AssetManager.php(266): yii\web\AssetBundle->publish(Object(yii\web\AssetManager))
#2 D:\xampp\htdocs\Demo\yii\yiiadvanced\_protected\vendor\yiisoft\yii2\web\AssetManager.php(237): yii\web\AssetManager->loadBundle('yii\\web\\JqueryA...', Array, true)
#3 D:\xampp\htdocs\Demo\yii\yiiadvanced\_protected\vendor\yiisoft\yii2\web\View.php(284): yii\web\AssetManager->getBundle('yii\\web\\JqueryA...')
#4 D:\xampp\htdocs\Demo\yii\yiiadvanced\_protected\vendor\yiisoft\yii2\web\View.php(289): yii\web\View->registerAssetBundle('yii\\web\\JqueryA...', NULL)
#5 D:\xampp\htdocs\Demo\yii\yiiadvanced\_protected\vendor\yiisoft\yii2\web\View.php(289): yii\web\View->registerAssetBundle('yii\\web\\YiiAsse...', NULL)
#6 D:\xampp\htdocs\Demo\yii\yiiadvanced\_protected\vendor\yiisoft\yii2\web\AssetBundle.php(119): yii\web\View->registerAssetBundle('frontend\\assets...')
#7 D:\xampp\htdocs\Demo\yii\yiiadvanced\_protected\frontend\views\layouts\main.php(12): yii\web\AssetBundle::register(Object(yii\web\View))
#8 D:\xampp\htdocs\Demo\yii\yiiadvanced\_protected\vendor\yiisoft\yii2\base\View.php(325): require('D:\\xampp\\htdocs...')
#9 D:\xampp\htdocs\Demo\yii\yiiadvanced\_protected\vendor\yiisoft\yii2\base\View.php(247): yii\base\View->renderPhpFile('D:\\xampp\\htdocs...', Array)
#10 D:\xampp\htdocs\Demo\yii\yiiadvanced\_protected\vendor\yiisoft\yii2\base\Controller.php(386): yii\base\View->renderFile('D:\\xampp\\htdocs...', Array, Object(frontend\controllers\SiteController))
#11 D:\xampp\htdocs\Demo\yii\yiiadvanced\_protected\vendor\yiisoft\yii2\base\Controller.php(372): yii\base\Controller->renderContent('<div class="sit...')
#12 D:\xampp\htdocs\Demo\yii\yiiadvanced\_protected\frontend\controllers\SiteController.php(89): yii\base\Controller->render('index')
#13 [internal function]: frontend\controllers\SiteController->actionIndex()
#14 D:\xampp\htdocs\Demo\yii\yiiadvanced\_protected\vendor\yiisoft\yii2\base\InlineAction.php(55): call_user_func_array(Array, Array)
#15 D:\xampp\htdocs\Demo\yii\yiiadvanced\_protected\vendor\yiisoft\yii2\base\Controller.php(151): yii\base\InlineAction->runWithParams(Array)
#16 D:\xampp\htdocs\Demo\yii\yiiadvanced\_protected\vendor\yiisoft\yii2\base\Module.php(455): yii\base\Controller->runAction('', Array)
#17 D:\xampp\htdocs\Demo\yii\yiiadvanced\_protected\vendor\yiisoft\yii2\web\Application.php(84): yii\base\Module->runAction('', Array)
#18 D:\xampp\htdocs\Demo\yii\yiiadvanced\_protected\vendor\yiisoft\yii2\base\Application.php(375): yii\web\Application->handleRequest(Object(yii\web\Request))
#19 D:\xampp\htdocs\Demo\yii\yiiadvanced\index.php(18): yii\base\Application->run()
#20 {main}
2015-12-21 07:54:36 [::1][-][-][info][application] $_COOKIE = [
    '_ga' => 'GA1.1.764746372.1448934835'
    '_csrf' => 'fb75d50106ac6b8c199bbfaec9691f3d9519fa23d554a1e4d2c783c6a57764dea:2:{i:0;s:5:\"_csrf\";i:1;s:32:\"X8FTSOdt11CW1Ct7FYWdvwUvgtTtyV-b\";}'
    '_identity' => '1a155794d7955720632fdac6be74f80cf0e85f65d11a5bcc024379eb338a32c8a:2:{i:0;s:9:\"_identity\";i:1;s:46:\"[1,\"22nl8BQ0WA69Wp1eocaj95mW3tSNGrU0\",2592000]\";}'
    'PHPSESSID' => 'oe8t0ggilkuuikl99erkp894e3'
]

$_SERVER = [
    'MIBDIRS' => '/xampp/php/extras/mibs'
    'MYSQL_HOME' => '\\xampp\\mysql\\bin'
    'OPENSSL_CONF' => '/xampp/apache/bin/openssl.cnf'
    'PHP_PEAR_SYSCONF_DIR' => '\\xampp\\php'
    'PHPRC' => '\\xampp\\php'
    'TMP' => '\\xampp\\tmp'
    'HTTP_HOST' => 'localhost'
    'HTTP_CONNECTION' => 'keep-alive'
    'HTTP_ACCEPT' => 'text/html,application/xhtml+xml,application/xml;q=0.9,image/webp,*/*;q=0.8'
    'HTTP_UPGRADE_INSECURE_REQUESTS' => '1'
    'HTTP_USER_AGENT' => 'Mozilla/5.0 (Windows NT 6.3; WOW64) AppleWebKit/537.36 (KHTML, like Gecko) Chrome/47.0.2526.106 Safari/537.36'
    'HTTP_ACCEPT_ENCODING' => 'gzip, deflate, sdch'
    'HTTP_ACCEPT_LANGUAGE' => 'en-US,en;q=0.8,th;q=0.6'
    'HTTP_COOKIE' => '_ga=GA1.1.764746372.1448934835; _csrf=fb75d50106ac6b8c199bbfaec9691f3d9519fa23d554a1e4d2c783c6a57764dea%3A2%3A%7Bi%3A0%3Bs%3A5%3A%22_csrf%22%3Bi%3A1%3Bs%3A32%3A%22X8FTSOdt11CW1Ct7FYWdvwUvgtTtyV-b%22%3B%7D; _identity=1a155794d7955720632fdac6be74f80cf0e85f65d11a5bcc024379eb338a32c8a%3A2%3A%7Bi%3A0%3Bs%3A9%3A%22_identity%22%3Bi%3A1%3Bs%3A46%3A%22%5B1%2C%2222nl8BQ0WA69Wp1eocaj95mW3tSNGrU0%22%2C2592000%5D%22%3B%7D; PHPSESSID=oe8t0ggilkuuikl99erkp894e3'
    'PATH' => 'C:\\ProgramData\\Oracle\\Java\\javapath;C:\\Program Files (x86)\\Intel\\iCLS Client\\;C:\\Program Files\\Intel\\iCLS Client\\;C:\\Windows\\system32;C:\\Windows;C:\\Windows\\System32\\Wbem;C:\\Windows\\System32\\WindowsPowerShell\\v1.0\\;C:\\Program Files\\Intel\\Intel(R) Management Engine Components\\DAL;C:\\Program Files\\Intel\\Intel(R) Management Engine Components\\IPT;C:\\Program Files (x86)\\Intel\\Intel(R) Management Engine Components\\DAL;C:\\Program Files (x86)\\Intel\\Intel(R) Management Engine Components\\IPT;D:\\xampp\\php;C:\\ProgramData\\ComposerSetup\\bin;C:\\Program Files\\nodejs\\;C:\\Program Files (x86)\\QuickTime\\QTSystem\\;C:\\Program Files (x86)\\Brackets\\command;C:\\Users\\komsin\\AppData\\Roaming\\npm'
    'SystemRoot' => 'C:\\Windows'
    'COMSPEC' => 'C:\\Windows\\system32\\cmd.exe'
    'PATHEXT' => '.COM;.EXE;.BAT;.CMD;.VBS;.VBE;.JS;.JSE;.WSF;.WSH;.MSC'
    'WINDIR' => 'C:\\Windows'
    'SERVER_SIGNATURE' => '<address>Apache/2.4.17 (Win32) OpenSSL/1.0.2d PHP/5.6.14 Server at localhost Port 80</address>
'
    'SERVER_SOFTWARE' => 'Apache/2.4.17 (Win32) OpenSSL/1.0.2d PHP/5.6.14'
    'SERVER_NAME' => 'localhost'
    'SERVER_ADDR' => '::1'
    'SERVER_PORT' => '80'
    'REMOTE_ADDR' => '::1'
    'DOCUMENT_ROOT' => 'D:/xampp/htdocs'
    'REQUEST_SCHEME' => 'http'
    'CONTEXT_PREFIX' => ''
    'CONTEXT_DOCUMENT_ROOT' => 'D:/xampp/htdocs'
    'SERVER_ADMIN' => 'postmaster@localhost'
    'SCRIPT_FILENAME' => 'D:/xampp/htdocs/Demo/yii/yiiadvanced/index.php'
    'REMOTE_PORT' => '58996'
    'GATEWAY_INTERFACE' => 'CGI/1.1'
    'SERVER_PROTOCOL' => 'HTTP/1.1'
    'REQUEST_METHOD' => 'GET'
    'QUERY_STRING' => ''
    'REQUEST_URI' => '/Demo/yii/yiiadvanced/'
    'SCRIPT_NAME' => '/Demo/yii/yiiadvanced/index.php'
    'PHP_SELF' => '/Demo/yii/yiiadvanced/index.php'
    'REQUEST_TIME_FLOAT' => 1450680876.541
    'REQUEST_TIME' => 1450680876
]
